Start auto log messages stack - Iteration 5.
Action.c(1504): web_url("skin.min.css") started  	[MsgId: MMSG-26355]
Action.c(1504): Registering web_url("skin.min.css") was successful  	[MsgId: MMSG-26390]
Action.c(1524): web_url("content.min.css") started  	[MsgId: MMSG-26355]
Action.c(1524): Registering web_url("content.min.css") was successful  	[MsgId: MMSG-26390]
Action.c(1544): web_url("column-view-lib-ac11072f2d25b52e3f9f4302182ca97c.js") started  	[MsgId: MMSG-26355]
Action.c(1544): Resource "https://pvr-perf.rxlogix.com/reports/assets/plugin/dictionary/column-view-lib-ac11072f2d25b52e3f9f4302182ca97c.js" is in the cache already and will not be downloaded again  	[MsgId: MMSG-26655]
Action.c(1552): web_concurrent_end started  	[MsgId: MMSG-26355]
Action.c(1383): Error -26610: HTTP Status-Code=502 (Bad Gateway) for "https://pvr-perf.rxlogix.com/reports/assets/plugin/dictionary/polymer-mini.html"   [issued at Action.c(1552)]  	[MsgId: MERR-26610]
End auto log messages stack.


Start auto log messages stack - Iteration 5.
Action.c(1375): Warning -26610: HTTP Status-Code=502 (Bad Gateway) for "https://pvr-perf.rxlogix.com/reports/assets/tinymce/themes/modern/theme.min.js"   [issued at Action.c(1552)]  	[MsgId: MWAR-26610]
Action.c(1316): Error -26610: HTTP Status-Code=502 (Bad Gateway) for "https://pvr-perf.rxlogix.com/reports/email/allEmails"   [issued at Action.c(1552)]  	[MsgId: MERR-26610]
Action.c(1334): Error -26610: HTTP Status-Code=502 (Bad Gateway) for "https://pvr-perf.rxlogix.com/reports/notificationRest/forUser/64724?_=1599742618459"   [issued at Action.c(1552)]  	[MsgId: MERR-26610]
End auto log messages stack.


Start auto log messages stack - Iteration 6.
Action.c(59): Registering web_reg_save_param_ex was successful  	[MsgId: MMSG-26390]
Action.c(69): web_reg_find started  	[MsgId: MMSG-26355]
Action.c(69): Registering web_reg_find was successful  	[MsgId: MMSG-26390]
Action.c(73): web_url("reports") started  	[MsgId: MMSG-26355]
Action.c(73): Redirecting "https://pvr-perf.rxlogix.com/reports" (redirection depth is 0)  	[MsgId: MMSG-26694]
Action.c(73): To location "https://pvr-perf.rxlogix.com/reports/"  	[MsgId: MMSG-26693]
Action.c(73): Redirecting "https://pvr-perf.rxlogix.com/reports/" (redirection depth is 1)  	[MsgId: MMSG-26694]
Action.c(73): To location "https://pvr-perf.rxlogix.com/reports/dashboard/index"  	[MsgId: MMSG-26693]
Action.c(73): Error -35061: No match found for the requested parameter "CsrfTokenId1". Either the specified boundaries were not found in the response or the matched text is longer than current max html parameter size of 256 bytes. The total length of the response is 91048 bytes. You can use "web_set_max_html_param_len" to increase the max parameter size.  	[MsgId: MERR-35061]
End auto log messages stack.


Start auto log messages stack - Iteration 7.
Action.c(59): Registering web_reg_save_param_ex was successful  	[MsgId: MMSG-26390]
Action.c(69): web_reg_find started  	[MsgId: MMSG-26355]
Action.c(69): Registering web_reg_find was successful  	[MsgId: MMSG-26390]
Action.c(73): web_url("reports") started  	[MsgId: MMSG-26355]
Action.c(73): Redirecting "https://pvr-perf.rxlogix.com/reports" (redirection depth is 0)  	[MsgId: MMSG-26694]
Action.c(73): To location "https://pvr-perf.rxlogix.com/reports/"  	[MsgId: MMSG-26693]
Action.c(73): Redirecting "https://pvr-perf.rxlogix.com/reports/" (redirection depth is 1)  	[MsgId: MMSG-26694]
Action.c(73): To location "https://pvr-perf.rxlogix.com/reports/dashboard/index"  	[MsgId: MMSG-26693]
Action.c(73): Error -35061: No match found for the requested parameter "CsrfTokenId1". Either the specified boundaries were not found in the response or the matched text is longer than current max html parameter size of 256 bytes. The total length of the response is 91048 bytes. You can use "web_set_max_html_param_len" to increase the max parameter size.  	[MsgId: MERR-35061]
End auto log messages stack.


Start auto log messages stack - Iteration 8.
Action.c(59): Registering web_reg_save_param_ex was successful  	[MsgId: MMSG-26390]
Action.c(69): web_reg_find started  	[MsgId: MMSG-26355]
Action.c(69): Registering web_reg_find was successful  	[MsgId: MMSG-26390]
Action.c(73): web_url("reports") started  	[MsgId: MMSG-26355]
Action.c(73): Redirecting "https://pvr-perf.rxlogix.com/reports" (redirection depth is 0)  	[MsgId: MMSG-26694]
Action.c(73): To location "https://pvr-perf.rxlogix.com/reports/"  	[MsgId: MMSG-26693]
Action.c(73): Redirecting "https://pvr-perf.rxlogix.com/reports/" (redirection depth is 1)  	[MsgId: MMSG-26694]
Action.c(73): To location "https://pvr-perf.rxlogix.com/reports/dashboard/index"  	[MsgId: MMSG-26693]
Action.c(73): Error -35061: No match found for the requested parameter "CsrfTokenId1". Either the specified boundaries were not found in the response or the matched text is longer than current max html parameter size of 256 bytes. The total length of the response is 91048 bytes. You can use "web_set_max_html_param_len" to increase the max parameter size.  	[MsgId: MERR-35061]
End auto log messages stack.


Start auto log messages stack - Iteration 9.
Action.c(59): Registering web_reg_save_param_ex was successful  	[MsgId: MMSG-26390]
Action.c(69): web_reg_find started  	[MsgId: MMSG-26355]
Action.c(69): Registering web_reg_find was successful  	[MsgId: MMSG-26390]
Action.c(73): web_url("reports") started  	[MsgId: MMSG-26355]
Action.c(73): Redirecting "https://pvr-perf.rxlogix.com/reports" (redirection depth is 0)  	[MsgId: MMSG-26694]
Action.c(73): To location "https://pvr-perf.rxlogix.com/reports/"  	[MsgId: MMSG-26693]
Action.c(73): Redirecting "https://pvr-perf.rxlogix.com/reports/" (redirection depth is 1)  	[MsgId: MMSG-26694]
Action.c(73): To location "https://pvr-perf.rxlogix.com/reports/dashboard/index"  	[MsgId: MMSG-26693]
Action.c(73): Error -35061: No match found for the requested parameter "CsrfTokenId1". Either the specified boundaries were not found in the response or the matched text is longer than current max html parameter size of 256 bytes. The total length of the response is 91048 bytes. You can use "web_set_max_html_param_len" to increase the max parameter size.  	[MsgId: MERR-35061]
End auto log messages stack.


Start auto log messages stack - Iteration 10.
Action.c(59): Registering web_reg_save_param_ex was successful  	[MsgId: MMSG-26390]
Action.c(69): web_reg_find started  	[MsgId: MMSG-26355]
Action.c(69): Registering web_reg_find was successful  	[MsgId: MMSG-26390]
Action.c(73): web_url("reports") started  	[MsgId: MMSG-26355]
Action.c(73): Redirecting "https://pvr-perf.rxlogix.com/reports" (redirection depth is 0)  	[MsgId: MMSG-26694]
Action.c(73): To location "https://pvr-perf.rxlogix.com/reports/"  	[MsgId: MMSG-26693]
Action.c(73): Redirecting "https://pvr-perf.rxlogix.com/reports/" (redirection depth is 1)  	[MsgId: MMSG-26694]
Action.c(73): To location "https://pvr-perf.rxlogix.com/reports/dashboard/index"  	[MsgId: MMSG-26693]
Action.c(73): Error -35061: No match found for the requested parameter "CsrfTokenId1". Either the specified boundaries were not found in the response or the matched text is longer than current max html parameter size of 256 bytes. The total length of the response is 91048 bytes. You can use "web_set_max_html_param_len" to increase the max parameter size.  	[MsgId: MERR-35061]
End auto log messages stack.


Start auto log messages stack - Iteration 11.
Action.c(59): Registering web_reg_save_param_ex was successful  	[MsgId: MMSG-26390]
Action.c(69): web_reg_find started  	[MsgId: MMSG-26355]
Action.c(69): Registering web_reg_find was successful  	[MsgId: MMSG-26390]
Action.c(73): web_url("reports") started  	[MsgId: MMSG-26355]
Action.c(73): Redirecting "https://pvr-perf.rxlogix.com/reports" (redirection depth is 0)  	[MsgId: MMSG-26694]
Action.c(73): To location "https://pvr-perf.rxlogix.com/reports/"  	[MsgId: MMSG-26693]
Action.c(73): Redirecting "https://pvr-perf.rxlogix.com/reports/" (redirection depth is 1)  	[MsgId: MMSG-26694]
Action.c(73): To location "https://pvr-perf.rxlogix.com/reports/dashboard/index"  	[MsgId: MMSG-26693]
Action.c(73): Error -35061: No match found for the requested parameter "CsrfTokenId1". Either the specified boundaries were not found in the response or the matched text is longer than current max html parameter size of 256 bytes. The total length of the response is 91048 bytes. You can use "web_set_max_html_param_len" to increase the max parameter size.  	[MsgId: MERR-35061]
End auto log messages stack.


Start auto log messages stack - Iteration 12.
Action.c(59): Registering web_reg_save_param_ex was successful  	[MsgId: MMSG-26390]
Action.c(69): web_reg_find started  	[MsgId: MMSG-26355]
Action.c(69): Registering web_reg_find was successful  	[MsgId: MMSG-26390]
Action.c(73): web_url("reports") started  	[MsgId: MMSG-26355]
Action.c(73): Redirecting "https://pvr-perf.rxlogix.com/reports" (redirection depth is 0)  	[MsgId: MMSG-26694]
Action.c(73): To location "https://pvr-perf.rxlogix.com/reports/"  	[MsgId: MMSG-26693]
Action.c(73): Redirecting "https://pvr-perf.rxlogix.com/reports/" (redirection depth is 1)  	[MsgId: MMSG-26694]
Action.c(73): To location "https://pvr-perf.rxlogix.com/reports/dashboard/index"  	[MsgId: MMSG-26693]
Action.c(73): Error -35061: No match found for the requested parameter "CsrfTokenId1". Either the specified boundaries were not found in the response or the matched text is longer than current max html parameter size of 256 bytes. The total length of the response is 91048 bytes. You can use "web_set_max_html_param_len" to increase the max parameter size.  	[MsgId: MERR-35061]
End auto log messages stack.


Start auto log messages stack - Iteration 13.
Action.c(59): Registering web_reg_save_param_ex was successful  	[MsgId: MMSG-26390]
Action.c(69): web_reg_find started  	[MsgId: MMSG-26355]
Action.c(69): Registering web_reg_find was successful  	[MsgId: MMSG-26390]
Action.c(73): web_url("reports") started  	[MsgId: MMSG-26355]
Action.c(73): Redirecting "https://pvr-perf.rxlogix.com/reports" (redirection depth is 0)  	[MsgId: MMSG-26694]
Action.c(73): To location "https://pvr-perf.rxlogix.com/reports/"  	[MsgId: MMSG-26693]
Action.c(73): Redirecting "https://pvr-perf.rxlogix.com/reports/" (redirection depth is 1)  	[MsgId: MMSG-26694]
Action.c(73): To location "https://pvr-perf.rxlogix.com/reports/dashboard/index"  	[MsgId: MMSG-26693]
Action.c(73): Error -35061: No match found for the requested parameter "CsrfTokenId1". Either the specified boundaries were not found in the response or the matched text is longer than current max html parameter size of 256 bytes. The total length of the response is 91048 bytes. You can use "web_set_max_html_param_len" to increase the max parameter size.  	[MsgId: MERR-35061]
End auto log messages stack.


Start auto log messages stack - Iteration 14.
Action.c(59): Registering web_reg_save_param_ex was successful  	[MsgId: MMSG-26390]
Action.c(69): web_reg_find started  	[MsgId: MMSG-26355]
Action.c(69): Registering web_reg_find was successful  	[MsgId: MMSG-26390]
Action.c(73): web_url("reports") started  	[MsgId: MMSG-26355]
Action.c(73): Redirecting "https://pvr-perf.rxlogix.com/reports" (redirection depth is 0)  	[MsgId: MMSG-26694]
Action.c(73): To location "https://pvr-perf.rxlogix.com/reports/"  	[MsgId: MMSG-26693]
Action.c(73): Redirecting "https://pvr-perf.rxlogix.com/reports/" (redirection depth is 1)  	[MsgId: MMSG-26694]
Action.c(73): To location "https://pvr-perf.rxlogix.com/reports/dashboard/index"  	[MsgId: MMSG-26693]
Action.c(73): Error -35061: No match found for the requested parameter "CsrfTokenId1". Either the specified boundaries were not found in the response or the matched text is longer than current max html parameter size of 256 bytes. The total length of the response is 91048 bytes. You can use "web_set_max_html_param_len" to increase the max parameter size.  	[MsgId: MERR-35061]
End auto log messages stack.


Start auto log messages stack - Iteration 15.
Action.c(59): Registering web_reg_save_param_ex was successful  	[MsgId: MMSG-26390]
Action.c(69): web_reg_find started  	[MsgId: MMSG-26355]
Action.c(69): Registering web_reg_find was successful  	[MsgId: MMSG-26390]
Action.c(73): web_url("reports") started  	[MsgId: MMSG-26355]
Action.c(73): Redirecting "https://pvr-perf.rxlogix.com/reports" (redirection depth is 0)  	[MsgId: MMSG-26694]
Action.c(73): To location "https://pvr-perf.rxlogix.com/reports/"  	[MsgId: MMSG-26693]
Action.c(73): Redirecting "https://pvr-perf.rxlogix.com/reports/" (redirection depth is 1)  	[MsgId: MMSG-26694]
Action.c(73): To location "https://pvr-perf.rxlogix.com/reports/dashboard/index"  	[MsgId: MMSG-26693]
Action.c(73): Error -35061: No match found for the requested parameter "CsrfTokenId1". Either the specified boundaries were not found in the response or the matched text is longer than current max html parameter size of 256 bytes. The total length of the response is 91048 bytes. You can use "web_set_max_html_param_len" to increase the max parameter size.  	[MsgId: MERR-35061]
End auto log messages stack.


Start auto log messages stack - Iteration 16.
Action.c(59): Registering web_reg_save_param_ex was successful  	[MsgId: MMSG-26390]
Action.c(69): web_reg_find started  	[MsgId: MMSG-26355]
Action.c(69): Registering web_reg_find was successful  	[MsgId: MMSG-26390]
Action.c(73): web_url("reports") started  	[MsgId: MMSG-26355]
Action.c(73): Redirecting "https://pvr-perf.rxlogix.com/reports" (redirection depth is 0)  	[MsgId: MMSG-26694]
Action.c(73): To location "https://pvr-perf.rxlogix.com/reports/"  	[MsgId: MMSG-26693]
Action.c(73): Redirecting "https://pvr-perf.rxlogix.com/reports/" (redirection depth is 1)  	[MsgId: MMSG-26694]
Action.c(73): To location "https://pvr-perf.rxlogix.com/reports/dashboard/index"  	[MsgId: MMSG-26693]
Action.c(73): Error -35061: No match found for the requested parameter "CsrfTokenId1". Either the specified boundaries were not found in the response or the matched text is longer than current max html parameter size of 256 bytes. The total length of the response is 91048 bytes. You can use "web_set_max_html_param_len" to increase the max parameter size.  	[MsgId: MERR-35061]
End auto log messages stack.


Start auto log messages stack - Iteration 17.
Action.c(59): Registering web_reg_save_param_ex was successful  	[MsgId: MMSG-26390]
Action.c(69): web_reg_find started  	[MsgId: MMSG-26355]
Action.c(69): Registering web_reg_find was successful  	[MsgId: MMSG-26390]
Action.c(73): web_url("reports") started  	[MsgId: MMSG-26355]
Action.c(73): Redirecting "https://pvr-perf.rxlogix.com/reports" (redirection depth is 0)  	[MsgId: MMSG-26694]
Action.c(73): To location "https://pvr-perf.rxlogix.com/reports/"  	[MsgId: MMSG-26693]
Action.c(73): Redirecting "https://pvr-perf.rxlogix.com/reports/" (redirection depth is 1)  	[MsgId: MMSG-26694]
Action.c(73): To location "https://pvr-perf.rxlogix.com/reports/dashboard/index"  	[MsgId: MMSG-26693]
Action.c(73): Error -35061: No match found for the requested parameter "CsrfTokenId1". Either the specified boundaries were not found in the response or the matched text is longer than current max html parameter size of 256 bytes. The total length of the response is 91048 bytes. You can use "web_set_max_html_param_len" to increase the max parameter size.  	[MsgId: MERR-35061]
End auto log messages stack.


Start auto log messages stack - Iteration 18.
Action.c(59): Registering web_reg_save_param_ex was successful  	[MsgId: MMSG-26390]
Action.c(69): web_reg_find started  	[MsgId: MMSG-26355]
Action.c(69): Registering web_reg_find was successful  	[MsgId: MMSG-26390]
Action.c(73): web_url("reports") started  	[MsgId: MMSG-26355]
Action.c(73): Redirecting "https://pvr-perf.rxlogix.com/reports" (redirection depth is 0)  	[MsgId: MMSG-26694]
Action.c(73): To location "https://pvr-perf.rxlogix.com/reports/"  	[MsgId: MMSG-26693]
Action.c(73): Redirecting "https://pvr-perf.rxlogix.com/reports/" (redirection depth is 1)  	[MsgId: MMSG-26694]
Action.c(73): To location "https://pvr-perf.rxlogix.com/reports/dashboard/index"  	[MsgId: MMSG-26693]
Action.c(73): Error -35061: No match found for the requested parameter "CsrfTokenId1". Either the specified boundaries were not found in the response or the matched text is longer than current max html parameter size of 256 bytes. The total length of the response is 91048 bytes. You can use "web_set_max_html_param_len" to increase the max parameter size.  	[MsgId: MERR-35061]
End auto log messages stack.


Start auto log messages stack - Iteration 19.
Action.c(59): Registering web_reg_save_param_ex was successful  	[MsgId: MMSG-26390]
Action.c(69): web_reg_find started  	[MsgId: MMSG-26355]
Action.c(69): Registering web_reg_find was successful  	[MsgId: MMSG-26390]
Action.c(73): web_url("reports") started  	[MsgId: MMSG-26355]
Action.c(73): Redirecting "https://pvr-perf.rxlogix.com/reports" (redirection depth is 0)  	[MsgId: MMSG-26694]
Action.c(73): To location "https://pvr-perf.rxlogix.com/reports/"  	[MsgId: MMSG-26693]
Action.c(73): Redirecting "https://pvr-perf.rxlogix.com/reports/" (redirection depth is 1)  	[MsgId: MMSG-26694]
Action.c(73): To location "https://pvr-perf.rxlogix.com/reports/dashboard/index"  	[MsgId: MMSG-26693]
Action.c(73): Error -35061: No match found for the requested parameter "CsrfTokenId1". Either the specified boundaries were not found in the response or the matched text is longer than current max html parameter size of 256 bytes. The total length of the response is 91048 bytes. You can use "web_set_max_html_param_len" to increase the max parameter size.  	[MsgId: MERR-35061]
End auto log messages stack.


Start auto log messages stack - Iteration 20.
Action.c(59): Registering web_reg_save_param_ex was successful  	[MsgId: MMSG-26390]
Action.c(69): web_reg_find started  	[MsgId: MMSG-26355]
Action.c(69): Registering web_reg_find was successful  	[MsgId: MMSG-26390]
Action.c(73): web_url("reports") started  	[MsgId: MMSG-26355]
Action.c(73): Redirecting "https://pvr-perf.rxlogix.com/reports" (redirection depth is 0)  	[MsgId: MMSG-26694]
Action.c(73): To location "https://pvr-perf.rxlogix.com/reports/"  	[MsgId: MMSG-26693]
Action.c(73): Redirecting "https://pvr-perf.rxlogix.com/reports/" (redirection depth is 1)  	[MsgId: MMSG-26694]
Action.c(73): To location "https://pvr-perf.rxlogix.com/reports/dashboard/index"  	[MsgId: MMSG-26693]
Action.c(73): Error -35061: No match found for the requested parameter "CsrfTokenId1". Either the specified boundaries were not found in the response or the matched text is longer than current max html parameter size of 256 bytes. The total length of the response is 91048 bytes. You can use "web_set_max_html_param_len" to increase the max parameter size.  	[MsgId: MERR-35061]
End auto log messages stack.


Start auto log messages stack - Iteration 21.
Action.c(59): Registering web_reg_save_param_ex was successful  	[MsgId: MMSG-26390]
Action.c(69): web_reg_find started  	[MsgId: MMSG-26355]
Action.c(69): Registering web_reg_find was successful  	[MsgId: MMSG-26390]
Action.c(73): web_url("reports") started  	[MsgId: MMSG-26355]
Action.c(73): Redirecting "https://pvr-perf.rxlogix.com/reports" (redirection depth is 0)  	[MsgId: MMSG-26694]
Action.c(73): To location "https://pvr-perf.rxlogix.com/reports/"  	[MsgId: MMSG-26693]
Action.c(73): Redirecting "https://pvr-perf.rxlogix.com/reports/" (redirection depth is 1)  	[MsgId: MMSG-26694]
Action.c(73): To location "https://pvr-perf.rxlogix.com/reports/dashboard/index"  	[MsgId: MMSG-26693]
Action.c(73): Error -35061: No match found for the requested parameter "CsrfTokenId1". Either the specified boundaries were not found in the response or the matched text is longer than current max html parameter size of 256 bytes. The total length of the response is 91048 bytes. You can use "web_set_max_html_param_len" to increase the max parameter size.  	[MsgId: MERR-35061]
End auto log messages stack.


Start auto log messages stack - Iteration 22.
Action.c(59): Registering web_reg_save_param_ex was successful  	[MsgId: MMSG-26390]
Action.c(69): web_reg_find started  	[MsgId: MMSG-26355]
Action.c(69): Registering web_reg_find was successful  	[MsgId: MMSG-26390]
Action.c(73): web_url("reports") started  	[MsgId: MMSG-26355]
Action.c(73): Redirecting "https://pvr-perf.rxlogix.com/reports" (redirection depth is 0)  	[MsgId: MMSG-26694]
Action.c(73): To location "https://pvr-perf.rxlogix.com/reports/"  	[MsgId: MMSG-26693]
Action.c(73): Redirecting "https://pvr-perf.rxlogix.com/reports/" (redirection depth is 1)  	[MsgId: MMSG-26694]
Action.c(73): To location "https://pvr-perf.rxlogix.com/reports/dashboard/index"  	[MsgId: MMSG-26693]
Action.c(73): Error -35061: No match found for the requested parameter "CsrfTokenId1". Either the specified boundaries were not found in the response or the matched text is longer than current max html parameter size of 256 bytes. The total length of the response is 91048 bytes. You can use "web_set_max_html_param_len" to increase the max parameter size.  	[MsgId: MERR-35061]
End auto log messages stack.


Start auto log messages stack - Iteration 23.
Action.c(59): Registering web_reg_save_param_ex was successful  	[MsgId: MMSG-26390]
Action.c(69): web_reg_find started  	[MsgId: MMSG-26355]
Action.c(69): Registering web_reg_find was successful  	[MsgId: MMSG-26390]
Action.c(73): web_url("reports") started  	[MsgId: MMSG-26355]
Action.c(73): Redirecting "https://pvr-perf.rxlogix.com/reports" (redirection depth is 0)  	[MsgId: MMSG-26694]
Action.c(73): To location "https://pvr-perf.rxlogix.com/reports/"  	[MsgId: MMSG-26693]
Action.c(73): Redirecting "https://pvr-perf.rxlogix.com/reports/" (redirection depth is 1)  	[MsgId: MMSG-26694]
Action.c(73): To location "https://pvr-perf.rxlogix.com/reports/dashboard/index"  	[MsgId: MMSG-26693]
Action.c(73): Error -35061: No match found for the requested parameter "CsrfTokenId1". Either the specified boundaries were not found in the response or the matched text is longer than current max html parameter size of 256 bytes. The total length of the response is 91048 bytes. You can use "web_set_max_html_param_len" to increase the max parameter size.  	[MsgId: MERR-35061]
End auto log messages stack.


Start auto log messages stack - Iteration 24.
Action.c(59): Registering web_reg_save_param_ex was successful  	[MsgId: MMSG-26390]
Action.c(69): web_reg_find started  	[MsgId: MMSG-26355]
Action.c(69): Registering web_reg_find was successful  	[MsgId: MMSG-26390]
Action.c(73): web_url("reports") started  	[MsgId: MMSG-26355]
Action.c(73): Redirecting "https://pvr-perf.rxlogix.com/reports" (redirection depth is 0)  	[MsgId: MMSG-26694]
Action.c(73): To location "https://pvr-perf.rxlogix.com/reports/"  	[MsgId: MMSG-26693]
Action.c(73): Redirecting "https://pvr-perf.rxlogix.com/reports/" (redirection depth is 1)  	[MsgId: MMSG-26694]
Action.c(73): To location "https://pvr-perf.rxlogix.com/reports/dashboard/index"  	[MsgId: MMSG-26693]
Action.c(73): Error -35061: No match found for the requested parameter "CsrfTokenId1". Either the specified boundaries were not found in the response or the matched text is longer than current max html parameter size of 256 bytes. The total length of the response is 91048 bytes. You can use "web_set_max_html_param_len" to increase the max parameter size.  	[MsgId: MERR-35061]
End auto log messages stack.


Start auto log messages stack - Iteration 25.
Action.c(59): Registering web_reg_save_param_ex was successful  	[MsgId: MMSG-26390]
Action.c(69): web_reg_find started  	[MsgId: MMSG-26355]
Action.c(69): Registering web_reg_find was successful  	[MsgId: MMSG-26390]
Action.c(73): web_url("reports") started  	[MsgId: MMSG-26355]
Action.c(73): Redirecting "https://pvr-perf.rxlogix.com/reports" (redirection depth is 0)  	[MsgId: MMSG-26694]
Action.c(73): To location "https://pvr-perf.rxlogix.com/reports/"  	[MsgId: MMSG-26693]
Action.c(73): Redirecting "https://pvr-perf.rxlogix.com/reports/" (redirection depth is 1)  	[MsgId: MMSG-26694]
Action.c(73): To location "https://pvr-perf.rxlogix.com/reports/dashboard/index"  	[MsgId: MMSG-26693]
Action.c(73): Error -35061: No match found for the requested parameter "CsrfTokenId1". Either the specified boundaries were not found in the response or the matched text is longer than current max html parameter size of 256 bytes. The total length of the response is 91048 bytes. You can use "web_set_max_html_param_len" to increase the max parameter size.  	[MsgId: MERR-35061]
End auto log messages stack.


